[debug] [2023-09-28T09:34:23.444Z] ----------------------------------------------------------------------
[debug] [2023-09-28T09:34:23.450Z] Command:       C:\Program Files\nodejs\node.exe C:\Users\acer\AppData\Roaming\npm\node_modules\firebase-tools\lib\bin\firebase.js init
[debug] [2023-09-28T09:34:23.450Z] CLI Version:   12.5.4
[debug] [2023-09-28T09:34:23.451Z] Platform:      win32
[debug] [2023-09-28T09:34:23.452Z] Node Version:  v18.15.0
[debug] [2023-09-28T09:34:23.599Z] Time:          Thu Sep 28 2023 15:04:23 GMT+0530 (India Standard Time)
[debug] [2023-09-28T09:34:23.600Z] ----------------------------------------------------------------------
[debug] 
[debug] [2023-09-28T09:34:23.645Z] > command requires scopes: ["email","openid","https://www.googleapis.com/auth/cloudplatformprojects.readonly","https://www.googleapis.com/auth/firebase","https://www.googleapis.com/auth/cloud-platform"]
[debug] [2023-09-28T09:34:23.646Z] > authorizing via signed-in user (atulatul7530@gmail.com)
[info] 
     ######## #### ########  ######## ########     ###     ######  ########
     ##        ##  ##     ## ##       ##     ##  ##   ##  ##       ##
     ######    ##  ########  ######   ########  #########  ######  ######
     ##        ##  ##    ##  ##       ##     ## ##     ##       ## ##
     ##       #### ##     ## ######## ########  ##     ##  ######  ########

You're about to initialize a Firebase project in this directory:

  C:\Users\acer\todo_app

[info] 
=== Project Setup
[info] 
[info] First, let's associate this project directory with a Firebase project.
[info] You can create multiple project aliases by running firebase use --add, 
[info] but for now we'll just set up a default project.
[info] 
[debug] [2023-09-28T09:37:54.946Z] >>> [apiv2][query] GET https://firebase.googleapis.com/v1beta1/projects pageSize=100
[debug] [2023-09-28T09:37:56.809Z] <<< [apiv2][status] GET https://firebase.googleapis.com/v1beta1/projects 200
[debug] [2023-09-28T09:37:56.810Z] <<< [apiv2][body] GET https://firebase.googleapis.com/v1beta1/projects [omitted]
[info] i  Using project todo-app-c496f (TODO-APP) 
[info] 
=== Hosting Setup
[info] 
[info] Your public directory is the folder (relative to your project directory) that
[info] will contain Hosting assets to be uploaded with firebase deploy. If you
[info] have a build process for your assets, use your build's output directory.
[info] 
[info] +  Wrote Build/404.html 
[debug] [2023-09-28T09:43:19.828Z] >>> [apiv2][query] GET https://www.gstatic.com/firebasejs/releases.json [none]
[debug] [2023-09-28T09:43:20.047Z] <<< [apiv2][status] GET https://www.gstatic.com/firebasejs/releases.json 200
[debug] [2023-09-28T09:43:20.047Z] <<< [apiv2][body] GET https://www.gstatic.com/firebasejs/releases.json {"current":{"version":"10.4.0","browserURL":"https://www.gstatic.com/firebasejs/10.4.0/firebase.js","packageURL":"https://www.gstatic.com/firebasejs/10.4.0/firebase.tgz"},"live":{"version":"10.4","browserURL":"https://www.gstatic.com/firebasejs/live/10.4/firebase.js","packageURL":"https://www.gstatic.com/firebasejs/live/10.4/firebase.tgz"},"components":{"analytics":"https://www.gstatic.com/firebasejs/10.4.0/firebase-analytics.js","app":"https://www.gstatic.com/firebasejs/10.4.0/firebase-app.js","app-check":"https://www.gstatic.com/firebasejs/10.4.0/firebase-app-check.js","auth":"https://www.gstatic.com/firebasejs/10.4.0/firebase-auth.js","auth/cordova":"https://www.gstatic.com/firebasejs/10.4.0/firebase-auth/cordova.js","functions":"https://www.gstatic.com/firebasejs/10.4.0/firebase-functions.js","firestore":"https://www.gstatic.com/firebasejs/10.4.0/firebase-firestore.js","firestore/lite":"https://www.gstatic.com/firebasejs/10.4.0/firebase-firestore/lite.js","installations":"https://www.gstatic.com/firebasejs/10.4.0/firebase-installations.js","storage":"https://www.gstatic.com/firebasejs/10.4.0/firebase-storage.js","performance":"https://www.gstatic.com/firebasejs/10.4.0/firebase-performance.js","remote-config":"https://www.gstatic.com/firebasejs/10.4.0/firebase-remote-config.js","messaging":"https://www.gstatic.com/firebasejs/10.4.0/firebase-messaging.js","messaging/sw":"https://www.gstatic.com/firebasejs/10.4.0/firebase-messaging/sw.js","database":"https://www.gstatic.com/firebasejs/10.4.0/firebase-database.js","firestore.memory":"https://www.gstatic.com/firebasejs/10.4.0/firebase-firestore.memory.js"}}
[info] +  Wrote Build/index.html 
[info] 
[info] i  Writing configuration info to firebase.json... 
[info] i  Writing project information to .firebaserc... 
[info] i  Writing gitignore file to .gitignore... 
[info] 
[info] +  Firebase initialization complete! 
